[2026/01/19 16:57:36   INFO]           [HytaleServer] Starting HytaleServer
[2026/01/19 16:57:36   INFO]           [HytaleServer] Loading config...
[2026/01/19 16:57:36   INFO]           [HytaleServer] Authentication mode: AUTHENTICATED
[2026/01/19 16:57:36   INFO]      [ServerAuthManager] Session token loaded from CLI
[2026/01/19 16:57:36   INFO]      [ServerAuthManager] Identity token loaded from CLI
[2026/01/19 16:57:36   INFO]   [SessionServiceClient] Session Service client initialized for: https://sessions.hytale.com
[2026/01/19 16:57:37   INFO]   [SessionServiceClient] Successfully fetched JWKS with 1 keys
[2026/01/19 16:57:37   INFO]           [JWTValidator] JWKS loaded with 1 keys
[2026/01/19 16:57:37   INFO]           [JWTValidator] Identity token validated successfully for user null (UUID: 7865fa20-a9da-4591-8d9b-920aa5712062)
[2026/01/19 16:57:37   INFO]      [ServerAuthManager] Identity token validated for null (7865fa20-a9da-4591-8d9b-920aa5712062)
[2026/01/19 16:57:37   INFO]           [JWTValidator] Session token validated successfully
[2026/01/19 16:57:37   INFO]      [ServerAuthManager] Session token validated
[2026/01/19 16:57:37   INFO]      [ServerAuthManager] Auth mode: EXTERNAL_SESSION
[2026/01/19 16:57:37   INFO]      [ServerAuthManager] Token refresh scheduled in 3297 seconds
[2026/01/19 16:57:37   INFO]      [ServerAuthManager] Server session ID: ed61230f-3c31-49f6-b89b-461a64e1b5f6
[2026/01/19 16:57:37   INFO]           [HytaleServer] Enabling Sentry
[2026/01/19 16:57:37   WARN]           [HardwareUtil] Failed to get Hardware UUID
java.lang.RuntimeException: Failed to get hardware UUID for Linux - all methods failed
	at com.hypixel.hytale.common.util.HardwareUtil.lambda$static$2(HardwareUtil.java:114)
	at com.hypixel.hytale.function.supplier.CachedSupplier.get(CachedSupplier.java:22)
	at com.hypixel.hytale.common.util.HardwareUtil.getUUID(HardwareUtil.java:163)
	at com.hypixel.hytale.server.core.HytaleServer.lambda$new$1(HytaleServer.java:246)
	at io.sentry.Scopes.configureScope(Scopes.java:731)
	at io.sentry.Sentry.configureScope(Sentry.java:1114)
	at io.sentry.Sentry.configureScope(Sentry.java:1104)
	at com.hypixel.hytale.server.core.HytaleServer.<init>(HytaleServer.java:245)
	at com.hypixel.hytale.LateMain.lateMain(LateMain.java:54)
	at com.hypixel.hytale.Main.main(Main.java:43)

[2026/01/19 16:57:38   INFO]           [HytaleServer] Booting up HytaleServer - Version: 2026.01.17-4b0f30090, Revision: 4b0f30090ab99c9ce84652006e40c825c555ad98
[2026/01/19 16:57:38   INFO]           [HytaleServer] Setup phase...
[2026/01/19 16:57:38   INFO]          [PluginManager] Loading pending core plugins!
[2026/01/19 16:57:38   INFO]          [PluginManager] - Hytale:ConsoleModule
[2026/01/19 16:57:38   INFO]          [PluginManager] - Hytale:PermissionsModule
[2026/01/19 16:57:38   INFO]          [PluginManager] - Hytale:FlyCameraModule
[2026/01/19 16:57:38   INFO]          [PluginManager] - Hytale:AssetModule
[2026/01/19 16:57:38   INFO]          [PluginManager] - Hytale:CommonAssetModule
[2026/01/19 16:57:38   INFO]          [PluginManager] - Hytale:CosmeticsModule
[2026/01/19 16:57:38   INFO]          [PluginManager] - Hytale:ServerManager
[2026/01/19 16:57:38   INFO]          [PluginManager] - Hytale:I18nModule
[2026/01/19 16:57:38   INFO]          [PluginManager] - Hytale:ItemModule
[2026/01/19 16:57:38   INFO]          [PluginManager] - Hytale:BlockTypeModule
[2026/01/19 16:57:38   INFO]          [PluginManager] - Hytale:LegacyModule
[2026/01/19 16:57:38   INFO]          [PluginManager] - Hytale:BlockModule
[2026/01/19 16:57:38   INFO]          [PluginManager] - Hytale:BlockStateModule
[2026/01/19 16:57:38   INFO]          [PluginManager] - Hytale:CollisionModule
[2026/01/19 16:57:38   INFO]          [PluginManager] - Hytale:BlockSetModule
[2026/01/19 16:57:38   INFO]          [PluginManager] - Hytale:MigrationModule
[2026/01/19 16:57:38   INFO]          [PluginManager] - Hytale:BlockHealthModule
[2026/01/19 16:57:38   INFO]          [PluginManager] - Hytale:PrefabSpawnerModule
[2026/01/19 16:57:38   INFO]          [PluginManager] - Hytale:TimeModule
[2026/01/19 16:57:38   INFO]          [PluginManager] - Hytale:InteractionModule
[2026/01/19 16:57:38   INFO]          [PluginManager] - Hytale:EntityModule
[2026/01/19 16:57:38   INFO]          [PluginManager] - Hytale:EntityStatsModule
[2026/01/19 16:57:38   INFO]          [PluginManager] - Hytale:EntityUIModule
[2026/01/19 16:57:38   INFO]          [PluginManager] - Hytale:DamageModule
[2026/01/19 16:57:38   INFO]          [PluginManager] - Hytale:SplitVelocity
[2026/01/19 16:57:38   INFO]          [PluginManager] - Hytale:StaminaModule
[2026/01/19 16:57:38   INFO]          [PluginManager] - Hytale:DebugPlugin
[2026/01/19 16:57:38   INFO]          [PluginManager] - Hytale:ProjectileModule
[2026/01/19 16:57:38   INFO]          [PluginManager] - Hytale:ServerPlayerListModule
[2026/01/19 16:57:38   INFO]          [PluginManager] - Hytale:AccessControlModule
[2026/01/19 16:57:38   INFO]          [PluginManager] - Hytale:SingleplayerModule
[2026/01/19 16:57:38   INFO]          [PluginManager] - Hytale:Universe
[2026/01/19 16:57:38   INFO]          [PluginManager] - Hytale:ConnectedBlocksModule
[2026/01/19 16:57:38   INFO]          [PluginManager] Loading pending classpath plugins!
[2026/01/19 16:57:38   INFO]          [PluginManager] - Hytale:AssetEditor
[2026/01/19 16:57:38   INFO]          [PluginManager] - Hytale:BlockSpawner
[2026/01/19 16:57:38   INFO]          [PluginManager] - Hytale:BlockTick
[2026/01/19 16:57:38   INFO]          [PluginManager] - Hytale:BlockPhysics
[2026/01/19 16:57:38   INFO]          [PluginManager] - Hytale:BuilderTools
[2026/01/19 16:57:38   INFO]          [PluginManager] - Hytale:Crafting
[2026/01/19 16:57:38   INFO]          [PluginManager] - Hytale:CommandMacro
[2026/01/19 16:57:38   INFO]          [PluginManager] - Hytale:Instances
[2026/01/19 16:57:38   INFO]          [PluginManager] - Hytale:LANDiscovery
[2026/01/19 16:57:38   INFO]          [PluginManager] - Hytale:NPC
[2026/01/19 16:57:38   INFO]          [PluginManager] - Hytale:NPCObjectives
[2026/01/19 16:57:38   INFO]          [PluginManager] - Hytale:ObjectiveReputation
[2026/01/19 16:57:38   INFO]          [PluginManager] - Hytale:Objectives
[2026/01/19 16:57:38   INFO]          [PluginManager] - Hytale:ObjectiveShop
[2026/01/19 16:57:38   INFO]          [PluginManager] - Hytale:Path
[2026/01/19 16:57:38   INFO]          [PluginManager] - Hytale:Reputation
[2026/01/19 16:57:38   INFO]          [PluginManager] - Hytale:NPCReputation
[2026/01/19 16:57:38   INFO]          [PluginManager] - Hytale:Shop
[2026/01/19 16:57:38   INFO]          [PluginManager] - Hytale:ShopReputation
[2026/01/19 16:57:38   INFO]          [PluginManager] - Hytale:NPCShop
[2026/01/19 16:57:38   INFO]          [PluginManager] - Hytale:NPCEditor
[2026/01/19 16:57:38   INFO]          [PluginManager] - Hytale:Stash
[2026/01/19 16:57:38   INFO]          [PluginManager] - Hytale:TagSet
[2026/01/19 16:57:38   INFO]          [PluginManager] - Hytale:Teleport
[2026/01/19 16:57:38   INFO]          [PluginManager] - Hytale:Fluid
[2026/01/19 16:57:38   INFO]          [PluginManager] - Hytale:Weather
[2026/01/19 16:57:38   INFO]          [PluginManager] - Hytale:WorldGen
[2026/01/19 16:57:38   INFO]          [PluginManager] - Hytale:Farming
[2026/01/19 16:57:38   INFO]          [PluginManager] - Hytale:Camera
[2026/01/19 16:57:38   INFO]          [PluginManager] - Hytale:WorldLocationCondition
[2026/01/19 16:57:38   INFO]          [PluginManager] - Hytale:NPCCombatActionEvaluator
[2026/01/19 16:57:38   INFO]          [PluginManager] - Hytale:Model
[2026/01/19 16:57:38   INFO]          [PluginManager] - Hytale:Mantling
[2026/01/19 16:57:38   INFO]          [PluginManager] - Hytale:SafetyRoll
[2026/01/19 16:57:38   INFO]          [PluginManager] - Hytale:SprintForce
[2026/01/19 16:57:38   INFO]          [PluginManager] - Hytale:CrouchSlide
[2026/01/19 16:57:38   INFO]          [PluginManager] - Hytale:Parkour
[2026/01/19 16:57:38   INFO]          [PluginManager] - Hytale:Mounts
[2026/01/19 16:57:38   INFO]          [PluginManager] - Hytale:HytaleGenerator
[2026/01/19 16:57:38   INFO]          [PluginManager] - Hytale:Teleporter
[2026/01/19 16:57:38   INFO]          [PluginManager] - Hytale:Memories
[2026/01/19 16:57:38   INFO]          [PluginManager] - Hytale:Deployables
[2026/01/19 16:57:38   INFO]          [PluginManager] - Hytale:Portals
[2026/01/19 16:57:38   INFO]          [PluginManager] - Hytale:Beds
[2026/01/19 16:57:38   INFO]          [PluginManager] - Hytale:Ambience
[2026/01/19 16:57:38   INFO]          [PluginManager] - Hytale:CreativeHub
[2026/01/19 16:57:38   INFO]          [PluginManager] Loading pending plugins from directory: mods
[2026/01/19 16:57:38   INFO]          [PluginManager] Loading pending plugins from directory: /data/mods
[2026/01/19 16:57:38   INFO]          [PluginManager] - com.hytale:HytaleAPI from path hytale-api-1.0.0.jar
[2026/01/19 16:57:39   INFO]          [AssetModule|P] Asset monitor enabled!
[2026/01/19 16:57:39   INFO]          [AssetModule|P] Loaded pack: Hytale:Hytale from Assets.zip
[2026/01/19 16:57:39   INFO]          [AssetModule|P] Loading packs from directory: mods
[2026/01/19 16:57:39   WARN]          [AssetModule|P] Skipping pack at Hytale_Shop: missing or invalid manifest.json
[2026/01/19 16:57:39   WARN]          [AssetModule|P] Skipping pack at com.hytale_HytaleAPI: missing or invalid manifest.json
[2026/01/19 16:57:39   INFO]          [AssetModule|P] Loading packs from directory: /data/mods
[2026/01/19 16:58:44   INFO]           [HytaleServer] Shutdown triggered!!!
[2026/01/19 16:58:44   INFO]           [HytaleServer] Shutting down... 130  'null'
[2026/01/19 16:58:44   INFO]          [PluginManager] Saving plugins config...
[2026/01/19 16:58:44   INFO]   [SessionServiceClient] Terminating game session...
[2026/01/19 16:58:44   WARN]              [org.jline] Unable to create a system terminal, creating a dumb terminal (enable debug logging for more information)
[2026/01/19 16:58:44   INFO]        [ConsoleModule|P] Setup console with type: dumb-color
[2026/01/19 16:58:44   INFO]      [ServerAuthManager] Server certificate set: CN=localhost
[2026/01/19 16:58:44   INFO]          [QUICTransport] Server certificate registered for mutual auth, fingerprint: KkWKGhZ_ZcBVItZZHVW9AInBsOhjdz03U4xkZFp4QtU
[2026/01/19 16:58:44   WARN]           [HardwareUtil] Failed to get Hardware UUID
java.lang.RuntimeException: Failed to get hardware UUID for Linux - all methods failed
	at com.hypixel.hytale.common.util.HardwareUtil.lambda$static$2(HardwareUtil.java:114)
	at com.hypixel.hytale.function.supplier.CachedSupplier.get(CachedSupplier.java:22)
	at com.hypixel.hytale.common.util.HardwareUtil.getUUID(HardwareUtil.java:163)
	at com.hypixel.hytale.server.core.HytaleServer.lambda$new$0(HytaleServer.java:227)
	at io.sentry.SentryClient.executeBeforeSend(SentryClient.java:1431)
	at io.sentry.SentryClient.captureEvent(SentryClient.java:157)
	at io.sentry.Scopes.captureEventInternal(Scopes.java:156)
	at io.sentry.Scopes.captureEvent(Scopes.java:130)
	at com.hypixel.hytale.logger.sentry.HytaleSentryHandler.publish(HytaleSentryHandler.java:105)
	at com.hypixel.hytale.logger.backend.HytaleLoggerBackend.log(HytaleLoggerBackend.java:92)
	at com.hypixel.hytale.logger.backend.HytaleLoggerBackend.log(HytaleLoggerBackend.java:102)
	at com.hypixel.hytale.logger.backend.HytaleLoggerBackend.log(HytaleLoggerBackend.java:86)
	at com.hypixel.hytale.logger.backend.HytaleLoggerBackend.log(HytaleLoggerBackend.java:77)
	at com.google.common.flogger.AbstractLogger.write(AbstractLogger.java:140)
	at com.google.common.flogger.LogContext.logImpl(LogContext.java:646)
	at com.google.common.flogger.LogContext.log(LogContext.java:771)
	at com.hypixel.hytale.server.core.plugin.PluginBase.setup0(PluginBase.java:391)
	at com.hypixel.hytale.server.core.plugin.PluginManager.setup(PluginManager.java:757)
	at com.hypixel.hytale.server.core.plugin.PluginManager.setup(PluginManager.java:236)
	at com.hypixel.hytale.server.core.HytaleServer.boot(HytaleServer.java:345)
	at com.hypixel.hytale.server.core.HytaleServer.<init>(HytaleServer.java:303)
	at com.hypixel.hytale.LateMain.lateMain(LateMain.java:54)
	at com.hypixel.hytale.Main.main(Main.java:43)

[2026/01/19 16:58:44   INFO]          [QUICTransport] Using IPv4 Datagram Channel: EpollDatagramChannel(INET)...
[2026/01/19 16:58:44   INFO]          [QUICTransport] Using IPv6 Datagram Channel: EpollDatagramChannel(INET6)...
[2026/01/19 16:58:44   INFO]   [SessionServiceClient] Game session terminated
[2026/01/19 16:58:44 SEVERE]             [Universe|P] Failed to setup plugin Hytale:Universe
java.lang.IllegalArgumentException: EventRegistry is shutdown!
	at com.hypixel.hytale.event.SyncEventBusRegistry.register(SyncEventBusRegistry.java:40)
	at com.hypixel.hytale.event.EventBus.register(EventBus.java:173)
	at com.hypixel.hytale.event.EventBus.register(EventBus.java:158)
	at com.hypixel.hytale.event.EventRegistry.register(EventRegistry.java:81)
	at com.hypixel.hytale.server.core.universe.Universe.setup(Universe.java:266)
	at com.hypixel.hytale.server.core.plugin.PluginBase.setup0(PluginBase.java:389)
	at com.hypixel.hytale.server.core.plugin.PluginManager.setup(PluginManager.java:757)
	at com.hypixel.hytale.server.core.plugin.PluginManager.setup(PluginManager.java:236)
	at com.hypixel.hytale.server.core.HytaleServer.boot(HytaleServer.java:345)
	at com.hypixel.hytale.server.core.HytaleServer.<init>(HytaleServer.java:303)
	at com.hypixel.hytale.LateMain.lateMain(LateMain.java:54)
	at com.hypixel.hytale.Main.main(Main.java:43)

[2026/01/19 16:58:44   INFO]           [HytaleServer] Saving config...
[2026/01/19 16:58:44   INFO]           [HytaleServer] Shutdown completed!
