[2026/01/26 19:42:48   INFO]           [HytaleServer] Starting HytaleServer
[2026/01/26 19:42:48   INFO]           [HytaleServer] Loading config...
[2026/01/26 19:42:48   INFO]           [HytaleServer] Authentication mode: AUTHENTICATED
[2026/01/26 19:42:48   INFO]      [ServerAuthManager] Session token loaded from CLI
[2026/01/26 19:42:48   INFO]      [ServerAuthManager] Identity token loaded from CLI
[2026/01/26 19:42:48   INFO]   [SessionServiceClient] Session Service client initialized for: https://sessions.hytale.com
[2026/01/26 19:42:49   INFO]   [SessionServiceClient] Successfully fetched JWKS with 1 keys
[2026/01/26 19:42:49   INFO]           [JWTValidator] JWKS loaded with 1 keys
[2026/01/26 19:42:49   INFO]           [JWTValidator] Identity token validated successfully for user Ricehead (UUID: 7865fa20-a9da-4591-8d9b-920aa5712062)
[2026/01/26 19:42:49   INFO]      [ServerAuthManager] Identity token validated for Ricehead (7865fa20-a9da-4591-8d9b-920aa5712062)
[2026/01/26 19:42:49   INFO]           [JWTValidator] Session token validated successfully (UUID: 7865fa20-a9da-4591-8d9b-920aa5712062)
[2026/01/26 19:42:49   INFO]      [ServerAuthManager] Session token validated
[2026/01/26 19:42:49   INFO]      [ServerAuthManager] Auth mode: EXTERNAL_SESSION
[2026/01/26 19:42:49   INFO]      [ServerAuthManager] Token refresh scheduled in 3297 seconds
[2026/01/26 19:42:49   INFO]      [ServerAuthManager] Server session ID: 26e0e220-c686-47b7-aa71-c653b14fdb05
[2026/01/26 19:42:49   INFO]           [HytaleServer] Enabling Sentry
[2026/01/26 19:42:49   WARN]           [HardwareUtil] Failed to get Hardware UUID
java.lang.RuntimeException: Failed to get hardware UUID for Linux - all methods failed
	at com.hypixel.hytale.common.util.HardwareUtil.lambda$static$2(HardwareUtil.java:114)
	at com.hypixel.hytale.function.supplier.CachedSupplier.get(CachedSupplier.java:22)
	at com.hypixel.hytale.common.util.HardwareUtil.getUUID(HardwareUtil.java:163)
	at com.hypixel.hytale.server.core.HytaleServer.lambda$new$1(HytaleServer.java:264)
	at io.sentry.Scopes.configureScope(Scopes.java:731)
	at io.sentry.Sentry.configureScope(Sentry.java:1114)
	at io.sentry.Sentry.configureScope(Sentry.java:1104)
	at com.hypixel.hytale.server.core.HytaleServer.<init>(HytaleServer.java:263)
	at com.hypixel.hytale.LateMain.lateMain(LateMain.java:54)
	at com.hypixel.hytale.Main.main(Main.java:43)

[2026/01/26 19:42:50   INFO]           [HytaleServer] Booting up HytaleServer - Version: 2026.01.24-6e2d4fc36, Revision: 6e2d4fc363aaee4de86bef439d67368f6129a336
[2026/01/26 19:42:50   INFO]           [HytaleServer] Setup phase...
[2026/01/26 19:42:51   INFO]          [PluginManager] Loading pending core plugins!
[2026/01/26 19:42:51   INFO]          [PluginManager] - Hytale:ConsoleModule
[2026/01/26 19:42:51   INFO]          [PluginManager] - Hytale:PermissionsModule
[2026/01/26 19:42:51   INFO]          [PluginManager] - Hytale:UpdateModule
[2026/01/26 19:42:51   INFO]          [PluginManager] - Hytale:FlyCameraModule
[2026/01/26 19:42:51   INFO]          [PluginManager] - Hytale:AssetModule
[2026/01/26 19:42:51   INFO]          [PluginManager] - Hytale:CommonAssetModule
[2026/01/26 19:42:51   INFO]          [PluginManager] - Hytale:CosmeticsModule
[2026/01/26 19:42:51   INFO]          [PluginManager] - Hytale:ServerManager
[2026/01/26 19:42:51   INFO]          [PluginManager] - Hytale:I18nModule
[2026/01/26 19:42:51   INFO]          [PluginManager] - Hytale:ItemModule
[2026/01/26 19:42:51   INFO]          [PluginManager] - Hytale:BlockTypeModule
[2026/01/26 19:42:51   INFO]          [PluginManager] - Hytale:LegacyModule
[2026/01/26 19:42:51   INFO]          [PluginManager] - Hytale:BlockModule
[2026/01/26 19:42:51   INFO]          [PluginManager] - Hytale:BlockStateModule
[2026/01/26 19:42:51   INFO]          [PluginManager] - Hytale:CollisionModule
[2026/01/26 19:42:51   INFO]          [PluginManager] - Hytale:BlockSetModule
[2026/01/26 19:42:51   INFO]          [PluginManager] - Hytale:MigrationModule
[2026/01/26 19:42:51   INFO]          [PluginManager] - Hytale:BlockHealthModule
[2026/01/26 19:42:51   INFO]          [PluginManager] - Hytale:PrefabSpawnerModule
[2026/01/26 19:42:51   INFO]          [PluginManager] - Hytale:TimeModule
[2026/01/26 19:42:51   INFO]          [PluginManager] - Hytale:InteractionModule
[2026/01/26 19:42:51   INFO]          [PluginManager] - Hytale:EntityModule
[2026/01/26 19:42:51   INFO]          [PluginManager] - Hytale:EntityStatsModule
[2026/01/26 19:42:51   INFO]          [PluginManager] - Hytale:EntityUIModule
[2026/01/26 19:42:51   INFO]          [PluginManager] - Hytale:DamageModule
[2026/01/26 19:42:51   INFO]          [PluginManager] - Hytale:SplitVelocity
[2026/01/26 19:42:51   INFO]          [PluginManager] - Hytale:StaminaModule
[2026/01/26 19:42:51   INFO]          [PluginManager] - Hytale:DebugPlugin
[2026/01/26 19:42:51   INFO]          [PluginManager] - Hytale:ProjectileModule
[2026/01/26 19:42:51   INFO]          [PluginManager] - Hytale:ServerPlayerListModule
[2026/01/26 19:42:51   INFO]          [PluginManager] - Hytale:AccessControlModule
[2026/01/26 19:42:51   INFO]          [PluginManager] - Hytale:SingleplayerModule
[2026/01/26 19:42:51   INFO]          [PluginManager] - Hytale:Universe
[2026/01/26 19:42:51   INFO]          [PluginManager] - Hytale:ConnectedBlocksModule
[2026/01/26 19:42:51   INFO]          [PluginManager] Loading pending classpath plugins!
[2026/01/26 19:42:51   INFO]          [PluginManager] - Hytale:AssetEditor
[2026/01/26 19:42:51   INFO]          [PluginManager] - Hytale:BlockSpawner
[2026/01/26 19:42:51   INFO]          [PluginManager] - Hytale:BlockTick
[2026/01/26 19:42:51   INFO]          [PluginManager] - Hytale:BlockPhysics
[2026/01/26 19:42:51   INFO]          [PluginManager] - Hytale:BuilderTools
[2026/01/26 19:42:51   INFO]          [PluginManager] - Hytale:Crafting
[2026/01/26 19:42:51   INFO]          [PluginManager] - Hytale:CommandMacro
[2026/01/26 19:42:51   INFO]          [PluginManager] - Hytale:Instances
[2026/01/26 19:42:51   INFO]          [PluginManager] - Hytale:LANDiscovery
[2026/01/26 19:42:51   INFO]          [PluginManager] - Hytale:NPC
[2026/01/26 19:42:51   INFO]          [PluginManager] - Hytale:NPCObjectives
[2026/01/26 19:42:51   INFO]          [PluginManager] - Hytale:ObjectiveReputation
[2026/01/26 19:42:51   INFO]          [PluginManager] - Hytale:Objectives
[2026/01/26 19:42:51   INFO]          [PluginManager] - Hytale:ObjectiveShop
[2026/01/26 19:42:51   INFO]          [PluginManager] - Hytale:Path
[2026/01/26 19:42:51   INFO]          [PluginManager] - Hytale:Reputation
[2026/01/26 19:42:51   INFO]          [PluginManager] - Hytale:NPCReputation
[2026/01/26 19:42:51   INFO]          [PluginManager] - Hytale:Shop
[2026/01/26 19:42:51   INFO]          [PluginManager] - Hytale:ShopReputation
[2026/01/26 19:42:51   INFO]          [PluginManager] - Hytale:NPCShop
[2026/01/26 19:42:51   INFO]          [PluginManager] - Hytale:NPCEditor
[2026/01/26 19:42:51   INFO]          [PluginManager] - Hytale:Stash
[2026/01/26 19:42:51   INFO]          [PluginManager] - Hytale:TagSet
[2026/01/26 19:42:51   INFO]          [PluginManager] - Hytale:Teleport
[2026/01/26 19:42:51   INFO]          [PluginManager] - Hytale:Fluid
[2026/01/26 19:42:51   INFO]          [PluginManager] - Hytale:Weather
[2026/01/26 19:42:51   INFO]          [PluginManager] - Hytale:WorldGen
[2026/01/26 19:42:51   INFO]          [PluginManager] - Hytale:Farming
[2026/01/26 19:42:51   INFO]          [PluginManager] - Hytale:Camera
[2026/01/26 19:42:51   INFO]          [PluginManager] - Hytale:WorldLocationCondition
[2026/01/26 19:42:51   INFO]          [PluginManager] - Hytale:NPCCombatActionEvaluator
[2026/01/26 19:42:51   INFO]          [PluginManager] - Hytale:Model
[2026/01/26 19:42:51   INFO]          [PluginManager] - Hytale:Mantling
[2026/01/26 19:42:51   INFO]          [PluginManager] - Hytale:SafetyRoll
[2026/01/26 19:42:51   INFO]          [PluginManager] - Hytale:SprintForce
[2026/01/26 19:42:51   INFO]          [PluginManager] - Hytale:CrouchSlide
[2026/01/26 19:42:51   INFO]          [PluginManager] - Hytale:Parkour
[2026/01/26 19:42:51   INFO]          [PluginManager] - Hytale:Mounts
[2026/01/26 19:42:51   INFO]          [PluginManager] - Hytale:HytaleGenerator
[2026/01/26 19:42:51   INFO]          [PluginManager] - Hytale:Teleporter
[2026/01/26 19:42:51   INFO]          [PluginManager] - Hytale:Memories
[2026/01/26 19:42:51   INFO]          [PluginManager] - Hytale:Deployables
[2026/01/26 19:42:51   INFO]          [PluginManager] - Hytale:Portals
[2026/01/26 19:42:51   INFO]          [PluginManager] - Hytale:Beds
[2026/01/26 19:42:51   INFO]          [PluginManager] - Hytale:Ambience
[2026/01/26 19:42:51   INFO]          [PluginManager] - Hytale:CreativeHub
[2026/01/26 19:42:51   INFO]          [PluginManager] Loading pending plugins from directory: mods
[2026/01/26 19:42:51   INFO]          [PluginManager] Loading pending plugins from directory: /data/mods
[2026/01/26 19:42:51   INFO]          [PluginManager] - com.hytale:HytaleAPI from path hytale-api-1.0.0.jar
[2026/01/26 19:42:51   INFO]          [AssetModule|P] Asset monitor enabled!
[2026/01/26 19:42:51   INFO]          [AssetModule|P] Loaded pack: Hytale:Hytale from Assets.zip
[2026/01/26 19:42:51   INFO]          [AssetModule|P] Loading packs from directory: mods
[2026/01/26 19:42:51   WARN]          [AssetModule|P] Skipping pack at Hytale_Shop: missing or invalid manifest.json
[2026/01/26 19:42:51   WARN]          [AssetModule|P] Skipping pack at com.hytale_HytaleAPI: missing or invalid manifest.json
[2026/01/26 19:42:51   INFO]          [AssetModule|P] Loading packs from directory: /data/mods
[2026/01/26 19:42:52   WARN]              [org.jline] Unable to create a system terminal, creating a dumb terminal (enable debug logging for more information)
[2026/01/26 19:42:52   INFO]      [ServerAuthManager] Server certificate set: CN=localhost
[2026/01/26 19:42:52   INFO]          [QUICTransport] Server certificate registered for mutual auth, fingerprint: q9PssxoM0yg8yFFYsI5Rz7rlHwz9oUN4DtSE6NeVCBI
[2026/01/26 19:42:52   INFO]          [QUICTransport] Using IPv4 Datagram Channel: EpollDatagramChannel(INET)...
[2026/01/26 19:42:53   INFO]          [QUICTransport] Using IPv6 Datagram Channel: EpollDatagramChannel(INET6)...
[2026/01/26 19:42:53   INFO]        [ConsoleModule|P] Setup console with type: dumb-color
[2026/01/26 19:42:53   WARN] [io.netty.bootstrap.Bootstrap] Unknown channel option 'IP_DONTFRAGMENT' for channel '[id: 0xd55a0868]' of type 'class io.netty.channel.epoll.EpollDatagramChannel'
[2026/01/26 19:42:53   WARN] [io.netty.bootstrap.Bootstrap] Unknown channel option 'IP_DONTFRAGMENT' for channel '[id: 0x64ad4ce7]' of type 'class io.netty.channel.epoll.EpollDatagramChannel'
[2026/01/26 19:42:53   INFO]              [ServerManager|P] Took 1sec 936ms 638us 293ns to setup transport!
[2026/01/26 19:42:55   INFO]     [com.hytale.api.ApiPlugin] HytaleAPI plugin initializing...
[2026/01/26 19:42:55   INFO]     [com.hytale.api.ApiPlugin] Loading API config from: /data/Server/mods/com.hytale_HytaleAPI/config.json
[2026/01/26 19:42:55   INFO]     [com.hytale.api.ApiPlugin] Loaded 1 API client(s):
[2026/01/26 19:42:55   INFO]     [com.hytale.api.ApiPlugin]   - Client ID: 'hyos-manager', enabled: true
[2026/01/26 19:42:55   INFO] [com.hytale.api.security.TokenGenerator] Loading existing RSA key from mods/com.hytale_HytaleAPI/jwt-keypair.pem
[2026/01/26 19:42:55   INFO] [com.hytale.api.websocket.EventBroadcaster] Event listeners registered for WebSocket broadcast
[2026/01/26 19:42:55   INFO] [com.hytale.api.websocket.EventBroadcaster] Status broadcast started with 5 second interval
[2026/01/26 19:42:55   INFO]     [com.hytale.api.ApiPlugin] HytaleAPI plugin setup complete
[2026/01/26 19:42:55   INFO]            [ServerAuthManager] Auth credential store: Memory
[2026/01/26 19:42:55   INFO]                 [HytaleServer] Setup phase completed! Boot time 7sec 540ms 770us 587ns
[2026/01/26 19:42:55   INFO]                       [Hytale] Loading common assets from: /
[2026/01/26 19:42:55   INFO]          [CommonAssetModule|P] Took 126ms 115us 583ns to load 22992 assets from CommonAssetsIndex.hashes file.
[2026/01/26 19:42:55   WARN]          [CommonAssetModule|P] Duplicated Asset Count: 933
[2026/01/26 19:42:55   INFO]                       [Hytale] Loading common assets phase completed! Boot time 7sec 679ms 494us 712ns, Took 127ms 962us 291ns
[2026/01/26 19:42:55   INFO]          [AssetRegistryLoader] Loading 91 asset stores...
[2026/01/26 19:42:55   INFO]          [AssetRegistryLoader] Pre-adding assets...
[2026/01/26 19:42:55   INFO]            [CollisionModule|P] Block extents for CollisionSystem is Max=0.0, Min=0.0
[2026/01/26 19:42:55   INFO]                       [Hytale] Loading assets from: /Server
[2026/01/26 19:42:55   INFO]          [AssetRegistryLoader] Loading assets from /Server
[2026/01/26 19:42:56   INFO]            [HytaleGenerator|P] Loaded Settings asset.
[2026/01/26 19:42:56   WARN]              [HytaleGenerator] Duplicate export name for asset: pattern1
[2026/01/26 19:42:56   WARN]        [AssetStore|BiomeAsset] Unused key(s) in 'Example_Mixer_Gradient' file /Server/HytaleGenerator/Biomes/Examples/Example_Mixer_Gradient.json: Terrain.Density.Inputs.0.Inputs.0.Inputs.0.Inputs.0.Inputs.0.Inputs.0.CacheSize, Terrain.Density.Inputs.1.Inputs.0.Inputs.0.Inputs.0.Inputs.0.Inputs.0.CacheSize, Terrain.Density.Inputs.2.Inputs.0.CacheSize
[2026/01/26 19:42:56   WARN]              [HytaleGenerator] Duplicate export name for asset: werstjrtydkm,
[2026/01/26 19:42:56   WARN]              [HytaleGenerator] Duplicate export name for asset: Taiga1_Rewood_Trees_Mask
[2026/01/26 19:42:56   WARN]        [AssetStore|BiomeAsset] Unused key(s) in 'Example_Fluid' file /Server/HytaleGenerator/Biomes/Examples/Example_Fluid.json: Terrain.Density.Inputs.0.CacheSize, MaterialProvider.Empty.Queue.0.BaseHeight
[2026/01/26 19:42:56   WARN]        [AssetStore|BiomeAsset] Unused key(s) in 'Example_Prop' file /Server/HytaleGenerator/Biomes/Examples/Example_Prop.json: Terrain.Density.Inputs.0.CacheSize
[2026/01/26 19:42:56   WARN]        [AssetStore|BiomeAsset] Unused key(s) in 'Something' file /Server/HytaleGenerator/Biomes/Experimental/Something.json: Terrain.Density.Inputs.0.Inputs.0.Inputs.0.Inputs.0.CacheSize, Terrain.Density.Inputs.0.Inputs.0.Inputs.0.Inputs.1.Inputs.0.CacheSize, Terrain.Density.Inputs.0.Inputs.0.Inputs.1.Inputs.0.CacheSize, Terrain.Density.Inputs.0.Inputs.0.Inputs.1.Inputs.1.Inputs.0.Inputs.0.Inputs.0.Inputs.0.Sampled, Terrain.Density.Inputs.0.Inputs.0.Inputs.1.Inputs.3.Inputs.0.Inputs.0.CacheSize, Terrain.Density.Inputs.0.Inputs.1.Inputs.0.CacheSize, Terrain.Density.Inputs.0.Inputs.1.Inputs.1.Inputs.0.Inputs.0.CacheSize
[2026/01/26 19:42:56   INFO]              [HytaleGenerator] Exported Scanner asset with name 'BasicForestTreeScanner' with asset id 'null
[2026/01/26 19:42:56   WARN]        [AssetStore|BiomeAsset] Unused key(s) in 'CursebreakerKeyartBiome' file /Server/HytaleGenerator/Biomes/Experimental/CursebreakerKeyartBiome.json: Terrain.Density.Inputs.0.Inputs.0.Inputs.0.Inputs.0.Inputs.0.Inputs.0.CacheSize, Terrain.Density.Inputs.0.Inputs.0.Inputs.0.Inputs.1.Inputs.0.Inputs.0.CacheSize, Terrain.Density.Inputs.0.Inputs.0.Inputs.1.Inputs.0.Inputs.0.Inputs.0.Inputs.0.CacheSize, Terrain.Density.Inputs.0.Inputs.1.Inputs.0.Inputs.0.Inputs.0.CacheSize
[2026/01/26 19:42:56   WARN]        [AssetStore|BiomeAsset] Unused key(s) in 'Boreal1_Henges' file /Server/HytaleGenerator/Biomes/Boreal1/Boreal1_Henges.json: Terrain.Density.Inputs.0.Inputs.1.Inputs.0.Inputs.0.Inputs.0.Inputs.1.Inputs.0.Inputs.0.Inputs.0.Positions.Positions.OffsetX, Terrain.Density.Inputs.0.Inputs.1.Inputs.0.Inputs.0.Inputs.0.Inputs.1.Inputs.0.Inputs.0.Inputs.0.Positions.Positions.OffsetY, Terrain.Density.Inputs.0.Inputs.1.Inputs.0.Inputs.0.Inputs.0.Inputs.1.Inputs.0.Inputs.0.Inputs.0.Positions.Positions.OffsetZ, Terrain.Density.Inputs.0.Inputs.1.Inputs.0.Inputs.1.Inputs.0.Inputs.1.Inputs.0.Inputs.0.Inputs.0.Inputs.0.Positions.Positions.OffsetX, Terrain.Density.Inputs.0.Inputs.1.Inputs.0.Inputs.1.Inputs.0.Inputs.1.Inputs.0.Inputs.0.Inputs.0.Inputs.0.Positions.Positions.OffsetY, Terrain.Density.Inputs.0.Inputs.1.Inputs.0.Inputs.1.Inputs.0.Inputs.1.Inputs.0.Inputs.0.Inputs.0.Inputs.0.Positions.Positions.OffsetZ
[2026/01/26 19:42:56   WARN]        [AssetStore|BiomeAsset] Unused key(s) in 'Fake3dNoise' file /Server/HytaleGenerator/Biomes/Examples/Fake3dNoise.json: Terrain.Density.Inputs.1.CacheSize, Terrain.Density.Inputs.2.Inputs.1.Inputs.0.Inputs.0.CacheSize, Terrain.Density.Inputs.2.Inputs.1.Inputs.0.Inputs.1.CacheSize, Terrain.Density.Inputs.2.Inputs.1.Inputs.0.Inputs.2.CacheSize, Terrain.Density.Inputs.2.Inputs.1.Inputs.0.Inputs.3.CacheSize, Terrain.Density.Inputs.2.Inputs.1.Inputs.0.Inputs.4.CacheSize, Terrain.Density.Inputs.2.Inputs.1.Inputs.0.Inputs.5.CacheSize
[2026/01/26 19:42:56   WARN]        [AssetStore|BiomeAsset] Unused key(s) in 'Example_Multi_Mixer_Horizontal' file /Server/HytaleGenerator/Biomes/Examples/Example_Multi_Mixer_Horizontal.json: Terrain.Density.Inputs.0.Inputs.0.Inputs.0.Inputs.0.CacheSize, Terrain.Density.Inputs.0.Inputs.0.Inputs.0.Inputs.1.CacheSize, Terrain.Density.Inputs.0.Inputs.0.Inputs.0.Inputs.2.CacheSize, Terrain.Density.Inputs.0.Inputs.0.Inputs.0.Inputs.3.CacheSize
[2026/01/26 19:42:56   WARN]              [HytaleGenerator] Duplicate export name for asset: werstjrtydkm,
[2026/01/26 19:42:56   WARN]              [HytaleGenerator] Duplicate export name for asset: River-Boulders-Mask
[2026/01/26 19:42:56 SEVERE]                         [SERR] Reallocate: 131072 to 1179648
[2026/01/26 19:42:56   WARN]        [AssetStore|BiomeAsset] Unused key(s) in 'Example_Multi_Mixer_Curve' file /Server/HytaleGenerator/Biomes/Examples/Example_Multi_Mixer_Curve.json: Terrain.Density.Inputs.0.Inputs.0.Inputs.0.Inputs.0.CacheSize, Terrain.Density.Inputs.0.Inputs.1.Inputs.0.Inputs.0.Inputs.0.Inputs.0.CacheSize, Terrain.Density.Inputs.0.Inputs.1.Inputs.0.Inputs.0.Inputs.0.Inputs.1.CacheSize, Terrain.Density.Inputs.0.Inputs.1.Inputs.0.Inputs.0.Inputs.0.Inputs.2.CacheSize, Terrain.Density.Inputs.0.Inputs.1.Inputs.1.CacheSize, Terrain.Density.Inputs.1.Inputs.0.CacheSize
[2026/01/26 19:42:56   WARN]              [HytaleGenerator] Duplicate export name for asset: Desert1_Rivers_Cliffs
[2026/01/26 19:42:56   WARN]              [HytaleGenerator] Duplicate export name for asset: River-Boulders-Mask
[2026/01/26 19:42:56   WARN]              [HytaleGenerator] Duplicate export name for asset: River-Boulders-Mask
[2026/01/26 19:42:56   WARN]        [AssetStore|BiomeAsset] Unused key(s) in 'SingleInstance_Test' file /Server/HytaleGenerator/Biomes/Examples/SingleInstance_Test.json: Terrain.Density.Inputs.0.Inputs.1.SingleInstance
[2026/01/26 19:42:56   WARN]              [HytaleGenerator] Duplicate export name for asset: BasicForestTreeScanner
[2026/01/26 19:42:56   INFO]              [HytaleGenerator] Exported Scanner asset with name 'BasicForestTreeScanner' with asset id 'null
[2026/01/26 19:42:56   WARN]        [AssetStore|BiomeAsset] Unused key(s) in 'Basic' file /Server/HytaleGenerator/Biomes/Basic.json: Props.0.Assignments.Prop.BoxBlockType
[2026/01/26 19:42:56   WARN]        [AssetStore|BiomeAsset] Unused key(s) in 'Arches' file /Server/HytaleGenerator/Biomes/Experimental/Arches.json: Terrain.Density.Inputs.0.Inputs.0.Inputs.0.Inputs.0.Inputs.0.CacheSize, Terrain.Density.Inputs.0.Inputs.1.Inputs.0.Inputs.0.Inputs.0.CacheSize, Terrain.Density.Inputs.0.Inputs.1.Inputs.0.Inputs.0.Inputs.0.Inputs.0.ReturnType.Density.CacheSize, Terrain.Density.Inputs.0.Inputs.1.Inputs.0.Inputs.1.Inputs.0.CacheSize, Terrain.Density.Inputs.0.Inputs.1.Inputs.0.Inputs.1.Inputs.0.Inputs.0.ReturnType.Density.Inputs.0.Inputs.0.Inputs.0.CacheSize, Terrain.Density.Inputs.0.Inputs.1.Inputs.0.Inputs.2.Inputs.0.CacheSize
[2026/01/26 19:42:56   WARN]        [AssetStore|BiomeAsset] Unused key(s) in 'Dunes' file /Server/HytaleGenerator/Biomes/Experimental/Dunes.json: Terrain.Density.Inputs.0.Inputs.0.Inputs.0.Inputs.0.Inputs.0.Inputs.1.Inputs.0.Inputs.0.Inputs.0.CacheSize, Terrain.Density.Inputs.0.Inputs.0.Inputs.0.Inputs.0.Inputs.0.Inputs.1.Inputs.0.Inputs.1.Inputs.0.CacheSize, Terrain.Density.Inputs.0.Inputs.0.Inputs.0.Inputs.1.Inputs.0.Inputs.0.Inputs.0.CacheSize, Terrain.Density.Inputs.0.Inputs.0.Inputs.0.Inputs.1.Inputs.0.Inputs.1.Inputs.0.CacheSize, Terrain.Density.Inputs.0.Inputs.0.Inputs.1.Inputs.0.Inputs.0.Inputs.1.Inputs.0.Inputs.0.Inputs.0.CacheSize, Terrain.Density.Inputs.0.Inputs.0.Inputs.1.Inputs.0.Inputs.0.Inputs.1.Inputs.0.Inputs.1.Inputs.0.CacheSize, Terrain.Density.Inputs.0.Inputs.0.Inputs.1.Inputs.1.Inputs.0.Inputs.0.CacheSize, Terrain.Density.Inputs.0.Inputs.0.Inputs.1.Inputs.1.Inputs.1.Inputs.0.CacheSize, Terrain.Density.Inputs.0.Inputs.1.Inputs.0.Inputs.0.Inputs.0.Inputs.0.CacheSize, Terrain.Density.Inputs.0.Inputs.1.Inputs.1.Inputs.0.CacheSize, MaterialProvider.Solid.Queue.0.FieldFunction.CacheSize
[2026/01/26 19:42:56 SEVERE]                         [SERR] Reallocate: 131072 to 1179648
[2026/01/26 19:42:56   WARN]              [HytaleGenerator] Duplicate export name for asset: River-Boulders-Mask
[2026/01/26 19:42:56   WARN]              [HytaleGenerator] Duplicate export name for asset: Plains1-Gorges-BaseTerrain
[2026/01/26 19:42:56   WARN]        [AssetStore|BiomeAsset] Unused key(s) in 'Example_Mixer' file /Server/HytaleGenerator/Biomes/Examples/Example_Mixer.json: Terrain.Density.Inputs.0.CacheSize, Terrain.Density.Inputs.1.Inputs.2.Inputs.0.CacheSize
[2026/01/26 19:42:56   WARN]        [AssetStore|BiomeAsset] Unused key(s) in 'Plains1_Deeproot' file /Server/HytaleGenerator/Biomes/Plains1/Plains1_Deeproot.json: Props.5.Positions.OffsetX, Props.5.Positions.OffsetY, Props.5.Positions.OffsetZ
[2026/01/26 19:42:56 SEVERE]                         [SERR] Reallocate: 131072 to 1179648
[2026/01/26 19:42:56   WARN]              [HytaleGenerator] Duplicate export name for asset: River-Boulders-Mask
[2026/01/26 19:42:56   WARN]        [AssetStore|BiomeAsset] Unused key(s) in 'Volcanic1_Jungle' file /Server/HytaleGenerator/Biomes/Volcanic1/Volcanic1_Jungle.json: Props.1.Positions.OffsetX, Props.1.Positions.OffsetY, Props.1.Positions.OffsetZ, Props.2.Positions.OffsetX, Props.2.Positions.OffsetY, Props.2.Positions.OffsetZ, Props.3.Positions.OffsetX, Props.3.Positions.OffsetY, Props.3.Positions.OffsetZ
[2026/01/26 19:42:56   WARN]              [HytaleGenerator] Duplicate export name for asset: River-Boulders-Mask
[2026/01/26 19:42:56   WARN]        [AssetStore|BiomeAsset] Unused key(s) in 'Generative_Buildings' file /Server/HytaleGenerator/Biomes/Generative/Generative_Buildings.json: Terrain.Density.Inputs.1.Inputs.0.Inputs.0.Inputs.0.Inputs.0.Inputs.0.Inputs.0.Inputs.0.Inputs.0.Positions.Positions.Positions.OffsetX, Terrain.Density.Inputs.1.Inputs.0.Inputs.0.Inputs.0.Inputs.0.Inputs.0.Inputs.0.Inputs.0.Inputs.0.Positions.Positions.Positions.OffsetY, Terrain.Density.Inputs.1.Inputs.0.Inputs.0.Inputs.0.Inputs.0.Inputs.0.Inputs.0.Inputs.0.Inputs.0.Positions.Positions.Positions.OffsetZ
[2026/01/26 19:42:56   WARN]              [HytaleGenerator] Duplicate export name for asset: River-Boulders-Mask
[2026/01/26 19:42:56   WARN]              [HytaleGenerator] Duplicate export name for asset: River-Boulders-Mask
[2026/01/26 19:42:56   WARN]              [HytaleGenerator] Duplicate export name for asset: Peak
[2026/01/26 19:42:56   INFO]              [HytaleGenerator] Exported Scanner asset with name 'Desert1_Rocky_Trees_Dry_Scanner' with asset id 'null
[2026/01/26 19:42:56   INFO]              [HytaleGenerator] Exported Scanner asset with name 'Desert1_Rocky_Trees_Palm_Scanner' with asset id 'null
[2026/01/26 19:42:56   WARN]        [AssetStore|BiomeAsset] Unused key(s) in 'Desert1_Oasis' file /Server/HytaleGenerator/Biomes/Desert1/Desert1_Oasis.json: Props.2.Positions.Positions.OffsetX, Props.2.Positions.Positions.OffsetY, Props.2.Positions.Positions.OffsetZ, Props.3.Positions.Positions.OffsetX, Props.3.Positions.Positions.OffsetY, Props.3.Positions.Positions.OffsetZ, Props.4.Positions.Positions.OffsetX, Props.4.Positions.Positions.OffsetY, Props.4.Positions.Positions.OffsetZ, Props.5.Positions.Positions.OffsetX, Props.5.Positions.Positions.OffsetY, Props.5.Positions.Positions.OffsetZ, Props.6.Positions.Positions.OffsetX, Props.6.Positions.Positions.OffsetY, Props.6.Positions.Positions.OffsetZ
[2026/01/26 19:42:57   WARN] [AssetStore|WorldStructureAsset] Unused key(s) in 'Interpolation' file /Server/HytaleGenerator/WorldStructures/Dev/Interpolation.json: BiomeTransitions
[2026/01/26 19:42:59   WARN]     [AssetStore|PrefabListAsset] Asset key 'Trees_Ash_swamp_dead' for file '/Server/PrefabList/Trees_Ash_swamp_dead.json' has incorrect format! Expected: 'Trees_Ash_Swamp_Dead'
[2026/01/26 19:42:59   WARN]     [AssetStore|PrefabListAsset] Asset key 'Trees_Fir_red' for file '/Server/PrefabList/Trees_Fir_red.json' has incorrect format! Expected: 'Trees_Fir_Red'
[2026/01/26 19:42:59   WARN]     [AssetStore|PrefabListAsset] Asset key 'Trees_Ash_swamp' for file '/Server/PrefabList/Trees_Ash_swamp.json' has incorrect format! Expected: 'Trees_Ash_Swamp'
[2026/01/26 19:42:59   WARN]     [AssetStore|PrefabListAsset] Asset key 'Trees_Ash_twisted' for file '/Server/PrefabList/Trees_Ash_twisted.json' has incorrect format! Expected: 'Trees_Ash_Twisted'
[2026/01/26 19:42:59   WARN]     [AssetStore|PrefabListAsset] Asset key 'Trees_Ash_twisted_Giant' for file '/Server/PrefabList/Trees_Ash_twisted_Giant.json' has incorrect format! Expected: 'Trees_Ash_Twisted_Giant'
[2026/01/26 19:42:59   WARN]     [AssetStore|PrefabListAsset] Asset key 'Trees_Ash_twisted_Large' for file '/Server/PrefabList/Trees_Ash_twisted_Large.json' has incorrect format! Expected: 'Trees_Ash_Twisted_Large'
[2026/01/26 19:42:59   WARN]     [AssetStore|PrefabListAsset] Asset key 'Trees_Burnt_dead' for file '/Server/PrefabList/Trees_Burnt_dead.json' has incorrect format! Expected: 'Trees_Burnt_Dead'
[2026/01/26 19:42:59   WARN]  [AssetStore|ScriptedBrushAsset] Asset key 'templeFloor' for file '/Server/ScriptedBrushes/Archive/templeFloor.json' has incorrect format! Expected: 'TempleFloor'
[2026/01/26 19:42:59   WARN]  [AssetStore|ScriptedBrushAsset] Unused key(s) in 'FluidMaskExample' file /Server/ScriptedBrushes/Examples/FluidMaskExample.json: Description
[2026/01/26 19:42:59   WARN]  [AssetStore|ScriptedBrushAsset] Unused key(s) in 'Walls-Floors' file /Server/ScriptedBrushes/Archive/Walls-Floors.json: Operations.0.Offset
[2026/01/26 19:42:59   WARN]  [AssetStore|ScriptedBrushAsset] Asset key 'BoulderBrush_old' for file '/Server/ScriptedBrushes/Archive/BoulderBrush_old.json' has incorrect format! Expected: 'BoulderBrush_Old'
[2026/01/26 19:42:59   WARN]  [AssetStore|ScriptedBrushAsset] Asset key 'templeRandom' for file '/Server/ScriptedBrushes/Archive/templeRandom.json' has incorrect format! Expected: 'TempleRandom'
[2026/01/26 19:42:59   WARN]  [AssetStore|ScriptedBrushAsset] Asset key 'templeDestruction' for file '/Server/ScriptedBrushes/Archive/templeDestruction.json' has incorrect format! Expected: 'TempleDestruction'
[2026/01/26 19:42:59   WARN]  [AssetStore|ScriptedBrushAsset] Asset key 'MountainBrush_old' for file '/Server/ScriptedBrushes/Archive/MountainBrush_old.json' has incorrect format! Expected: 'MountainBrush_Old'
[2026/01/26 19:42:59   WARN]  [AssetStore|ScriptedBrushAsset] Unused key(s) in 'ReplaceWaterExample' file /Server/ScriptedBrushes/Examples/ReplaceWaterExample.json: Description
[2026/01/26 19:42:59   WARN]  [AssetStore|ScriptedBrushAsset] Asset key 'templeWalls' for file '/Server/ScriptedBrushes/Archive/templeWalls.json' has incorrect format! Expected: 'TempleWalls'
[2026/01/26 19:42:59   WARN]  [AssetStore|ScriptedBrushAsset] Asset key 'templePillars' for file '/Server/ScriptedBrushes/Archive/templePillars.json' has incorrect format! Expected: 'TemplePillars'
[2026/01/26 19:42:59   WARN]  [AssetStore|ScriptedBrushAsset] Asset key 'moltenBall' for file '/Server/ScriptedBrushes/Archive/moltenBall.json' has incorrect format! Expected: 'MoltenBall'
[2026/01/26 19:42:59   WARN]  [AssetStore|ScriptedBrushAsset] Asset key 'keepDestruction' for file '/Server/ScriptedBrushes/Archive/keepDestruction.json' has incorrect format! Expected: 'KeepDestruction'
[2026/01/26 19:42:59   WARN]      [AssetStore|ParticleSystem] Unused key(s) in 'Potion_Health_Implosion' file /Server/Particles/Status_Effect/Potion_Health/Potion_Health_Implosion.particlesystem: Spawners.0.Scale
[2026/01/26 19:42:59   WARN]      [AssetStore|ParticleSystem] Unused key(s) in 'Potion_Morph_Burst' file /Server/Particles/Status_Effect/Potion_Morph/Potion_Morph_Burst.particlesystem: Spawners.0.Scale
[2026/01/26 19:42:59   WARN]      [AssetStore|ParticleSystem] Unused key(s) in 'Potion_Stamina_Burst' file /Server/Particles/Status_Effect/Potion_Stamina/Potion_Stamina_Burst.particlesystem: Spawners.0.Scale
[2026/01/26 19:43:00   WARN]               [MacroCommandBase] Could not parse default argument value for argument: 'world' on Macro Command: 'settimeandgohome'.
server.commands.errors.noSuchWorld{name=com.hypixel.hytale.protocol.StringParamValue@bf4c6e40}
server.commands.errors.noSuchWorld{name=com.hypixel.hytale.protocol.StringParamValue@bf4c6e40}
[2026/01/26 19:43:00   INFO]              [CollisionModule|P] Block extents for CollisionSystem is Max=3.0, Min=0.0
[2026/01/26 19:43:00   WARN]               [BlockSetModule|P] Creating block sets: Failed to find block name 'Furniture_Temple_Light_Statue'
[2026/01/26 19:43:00   WARN]               [BlockSetModule|P] Creating block sets: Failed to find block name 'Ingredient_Hay'
[2026/01/26 19:43:00   WARN]               [BlockSetModule|P] Creating block sets: Failed to find block name 'Wood_Softwood_Planks'
[2026/01/26 19:43:00   WARN]               [BlockSetModule|P] Creating block sets: Failed to find block name 'Furniture_Feran_Bed'
[2026/01/26 19:43:00   WARN]               [BlockSetModule|P] Creating block sets: Failed to find block name 'Coop_Chicken'
[2026/01/26 19:43:00   WARN]               [BlockSetModule|P] Creating block sets: Failed to find hitbox name 'Fence'
[2026/01/26 19:43:00   WARN]               [BlockSetModule|P] Creating block sets: Failed to find hitbox name 'Fence_Gate'
[2026/01/26 19:43:00   WARN]               [BlockSetModule|P] Creating block sets: Failed to find hitbox name 'Fence_Gate_Open_In'
[2026/01/26 19:43:00   WARN]               [BlockSetModule|P] Creating block sets: Failed to find hitbox name 'Fence_Gate_Open_Out'
[2026/01/26 19:43:00   WARN]               [BlockSetModule|P] Creating block sets: Failed to find hitbox name 'Fence_Thin'
[2026/01/26 19:43:00   WARN]               [BlockSetModule|P] Creating block sets: Failed to find hitbox name 'Fence_Thick'
[2026/01/26 19:43:00   WARN]               [BlockSetModule|P] Creating block sets: Failed to find hitbox name 'Fence_Corner'
[2026/01/26 19:43:00   WARN]               [BlockSetModule|P] Creating block sets: Failed to find hitbox name 'Fence_Corner_Thin'
[2026/01/26 19:43:00   WARN]               [BlockSetModule|P] Creating block sets: Failed to find hitbox name 'Fence_Corner_Thick'
[2026/01/26 19:43:00   WARN]               [BlockSetModule|P] Creating block sets: Failed to find block name 'Furniture_Crude_Bed'
[2026/01/26 19:43:00   WARN]               [BlockSetModule|P] Creating block sets: Failed to find block name 'Soil_Grass'
[2026/01/26 19:43:00   WARN]               [BlockSetModule|P] Creating block sets: Failed to find block name 'Soil_Dirt'
[2026/01/26 19:43:00   WARN]               [BlockSetModule|P] Creating block sets: Failed to find block name 'Soil_Dirt_Poisoned'
[2026/01/26 19:43:00   WARN]               [BlockSetModule|P] Creating block sets: Failed to find block name 'Soil_Mud'
[2026/01/26 19:43:00   WARN]               [BlockSetModule|P] Creating block sets: Failed to find block name 'Deco_Bone_Pile'
[2026/01/26 19:43:00   WARN]               [BlockSetModule|P] Creating block sets: Failed to find block name 'Deco_Bone_Skulls'
[2026/01/26 19:43:00   WARN]               [BlockSetModule|P] Creating block sets: Failed to find block name 'Soil_Gravel_Sand'
[2026/01/26 19:43:00   WARN]               [BlockSetModule|P] Creating block sets: Failed to find block name 'Soil_Dirt'
[2026/01/26 19:43:00   WARN]               [BlockSetModule|P] Creating block sets: Failed to find block name 'Soil_Clay'
[2026/01/26 19:43:00   WARN]               [BlockSetModule|P] Creating block sets: Failed to find block name 'Rock_Stone'
[2026/01/26 19:43:00   WARN]               [BlockSetModule|P] Creating block sets: Failed to find block name 'Rock_Marble'
[2026/01/26 19:43:00   WARN]               [BlockSetModule|P] Creating block sets: Failed to find block name 'Rock_Chalk'
[2026/01/26 19:43:00   WARN]    [AssetStore|AssignmentsAsset] Unused key(s) in 'Plains1_Deeproot_Grasses' file /Server/HytaleGenerator/Assignments/Plains1/Plains1_Deeproot_Grasses.json: FieldFunction.CacheSize
[2026/01/26 19:43:00   WARN]    [AssetStore|AssignmentsAsset] Unused key(s) in 'Runtime_Defect_1' file /Server/HytaleGenerator/Assignments/Dev/Runtime_Defect_1.json: Prop.BoxBlockType
[2026/01/26 19:43:00   WARN]    [AssetStore|AssignmentsAsset] Unused key(s) in 'Runtime_Defect_0' file /Server/HytaleGenerator/Assignments/Dev/Runtime_Defect_0.json: Prop.BoxBlockType
[2026/01/26 19:43:00   WARN]                [HytaleGenerator] Duplicate export name for asset: Volcanic1_Swamp_Bushes_Jungles_Pattern
[2026/01/26 19:43:00   WARN]                [HytaleGenerator] Duplicate export name for asset: Plains1_OakPattern_Floor_Grass
[2026/01/26 19:43:00   INFO]                [HytaleGenerator] Exported Scanner asset with name 'Desert1_Oasis_Grasses_Scanner' with asset id 'null
[2026/01/26 19:43:00   INFO]                [HytaleGenerator] Exported Scanner asset with name 'Desert1_Boulders_Scanner' with asset id 'null
[2026/01/26 19:43:00   WARN]    [AssetStore|AssignmentsAsset] Unused key(s) in 'Plains1_Mountains_Grasses' file /Server/HytaleGenerator/Assignments/Plains1/Plains1_Mountains_Grasses.json: FieldFunction.CacheSize
[2026/01/26 19:43:00   WARN]    [AssetStore|AssignmentsAsset] Unused key(s) in 'Desert1_Oasis_Grasses' file /Server/HytaleGenerator/Assignments/Desert1/Desert1_Oasis_Grasses.json: $Comments
[2026/01/26 19:43:00   WARN]    [AssetStore|AssignmentsAsset] Unused key(s) in 'Desert1_Oasis_Boulders' file /Server/HytaleGenerator/Assignments/Desert1/Desert1_Oasis_Boulders.json: $Comments
[2026/01/26 19:43:00   WARN]                [HytaleGenerator] Duplicate export name for asset: Plains1_OakPattern_Floor_Grass
[2026/01/26 19:43:00   WARN]                [HytaleGenerator] Duplicate export name for asset: Desert1_Boulders_Scanner
[2026/01/26 19:43:00   INFO]                [HytaleGenerator] Exported Scanner asset with name 'Desert1_Boab_Scanner' with asset id 'null
[2026/01/26 19:43:00   INFO]                [HytaleGenerator] Exported Scanner asset with name 'Desert1_Boulders_Scanner' with asset id 'null
[2026/01/26 19:43:00   INFO]                [HytaleGenerator] Exported Scanner asset with name 'Plains1_Gorges_Boulder_Scanner' with asset id 'null
[2026/01/26 19:43:00   INFO]                [HytaleGenerator] Exported Scanner asset with name 'Plains1_Gorges_Tree_Scanner' with asset id 'null
[2026/01/26 19:43:00   WARN]    [AssetStore|AssignmentsAsset] Unused key(s) in 'Desert1_Oasis_Flowers' file /Server/HytaleGenerator/Assignments/Desert1/Desert1_Oasis_Flowers.json: $Comments
[2026/01/26 19:43:00   WARN]    [AssetStore|AssignmentsAsset] Unused key(s) in 'Plains1_Oak_Bushes' file /Server/HytaleGenerator/Assignments/Plains1/Plains1_Oak_Bushes.json: FieldFunction.CacheSize
[2026/01/26 19:43:00   WARN]                [HytaleGenerator] Duplicate export name for asset: Plains1_OakPattern_Floor_Grass
[2026/01/26 19:43:00   WARN]    [AssetStore|AssignmentsAsset] Unused key(s) in 'Taiga1_Rivers_Grasses' file /Server/HytaleGenerator/Assignments/Taiga1/Taiga1_Rivers_Grasses.json: $Comments
[2026/01/26 19:43:00   INFO]                [HytaleGenerator] Exported Scanner asset with name 'Desert1_Palm_Scanner' with asset id 'null
[2026/01/26 19:43:00   INFO]                [HytaleGenerator] Exported Scanner asset with name 'Desert1_Dry_Scanner' with asset id 'null
[2026/01/26 19:43:00   INFO]                [HytaleGenerator] Exported Scanner asset with name 'Desert1_Oasis_Plants_2_Scanner' with asset id 'null
[2026/01/26 19:43:00   WARN]                [HytaleGenerator] Duplicate export name for asset: Plains1_Sticks
[2026/01/26 19:43:00   WARN]    [AssetStore|AssignmentsAsset] Unused key(s) in 'Desert1_Oasis_Flowers_2' file /Server/HytaleGenerator/Assignments/Desert1/Desert1_Oasis_Flowers_2.json: $Comments
[2026/01/26 19:43:00   WARN]    [AssetStore|AssignmentsAsset] Unused key(s) in 'Desert1_Oasis_Trees_Dry' file /Server/HytaleGenerator/Assignments/Desert1/Desert1_Oasis_Trees_Dry.json: $Comments
[2026/01/26 19:43:00   WARN]            [AssetStore|ModelVFX] Asset key 'test' for file '/Server/Entity/ModelVFX/test.json' has incorrect format! Expected: 'Test'
[2026/01/26 19:43:00   WARN] [AssetStore|CustomConnectedBlockTemplateAsset] Unused key(s) in 'DoorLargeConnectedBlockTemplate' file /Server/Item/CustomConnectedBlockTemplates/DoorLargeConnectedBlockTemplate.json: ConnectsToOtherTemplates
[2026/01/26 19:43:00   WARN] [AssetStore|CustomConnectedBlockTemplateAsset] Unused key(s) in 'RailsConnectedBlockTemplate' file /Server/Item/CustomConnectedBlockTemplates/RailsConnectedBlockTemplate.json: MaterialName
[2026/01/26 19:43:00   WARN]        [AssetStore|EntityEffect] Unused key(s) in 'Food_EffectCondition_Buff_Medium' file /Server/Entity/Effects/Food/Buff/_Deprecated/Food_EffectCondition_Buff_Medium.json: Type, EntityEffectIds, Match, Next, Failed
[2026/01/26 19:43:00   WARN]        [AssetStore|EntityEffect] Unused key(s) in 'Food_EffectCondition_Buff_Small' file /Server/Entity/Effects/Food/Buff/_Deprecated/Food_EffectCondition_Buff_Small.json: Type, EntityEffectIds, Match, Next, Failed
[2026/01/26 19:43:00   WARN]         [AssetStore|Interaction] Unused key(s) in 'Explode_Generic' file /Server/Item/Interactions/Explosions/Explode_Generic.json: Config.Knockback.VelocityConfig.Direction
[2026/01/26 19:43:00   WARN]         [AssetStore|Interaction] Unused key(s) in 'Ice_Bolt_Miss' file /Server/Item/Interactions/Weapons/Staff/Ice/Ice_Bolt_Miss.json: Effects.WorldParticles
[2026/01/26 19:43:00   WARN]         [AssetStore|Interaction] Unused key(s) in 'Weapon_Battleaxe_Primary_Downstrike_Force' file /Server/Item/Interactions/Weapons/Battleaxe/Primary/Downstrike/Weapon_Battleaxe_Primary_Downstrike_Force.json: MouseSensitivityAdjustmentTarget, MouseSensitivityAdjustmentDuration
[2026/01/26 19:43:00   WARN]         [AssetStore|Interaction] Unused key(s) in 'Weapon_Daggers_Primary_Pounce_Stab_Force' file /Server/Item/Interactions/Weapons/Daggers/Primary/Pounce/Stab/Weapon_Daggers_Primary_Pounce_Stab_Force.json: VelocityType
[2026/01/26 19:43:00   WARN]         [AssetStore|Interaction] Unused key(s) in 'Ice_Ball_Miss' file /Server/Item/Interactions/Weapons/Staff/Ice/Ice_Ball_Miss.json: Effects.WorldParticles
[2026/01/26 19:43:01   WARN]         [AssetStore|Interaction] Unused key(s) in '*Weapon_Sword_Signature_Vortexstrike_Spin_Selector_Next': Next
[2026/01/26 19:43:01   WARN]         [AssetStore|Interaction] Unused key(s) in '*Weapon_Daggers_Primary_Pounce_Stab_Selector_Next': Next
[2026/01/26 19:43:01   WARN]               [BlockSetModule|P] Creating block sets: Failed to find block name 'Furniture_Temple_Light_Statue'
[2026/01/26 19:43:01   WARN]               [BlockSetModule|P] Creating block sets: Failed to find block name 'Ingredient_Hay'
[2026/01/26 19:43:01   WARN]               [BlockSetModule|P] Creating block sets: Failed to find block name 'Wood_Softwood_Planks'
[2026/01/26 19:43:01   WARN]               [BlockSetModule|P] Creating block sets: Failed to find block name 'Furniture_Feran_Bed'
[2026/01/26 19:43:01   WARN]               [BlockSetModule|P] Creating block sets: Failed to find block name 'Coop_Chicken'
[2026/01/26 19:43:01   WARN]               [BlockSetModule|P] Creating block sets: Failed to find hitbox name 'Fence'
[2026/01/26 19:43:01   WARN]               [BlockSetModule|P] Creating block sets: Failed to find hitbox name 'Fence_Gate'
[2026/01/26 19:43:01   WARN]               [BlockSetModule|P] Creating block sets: Failed to find hitbox name 'Fence_Gate_Open_In'
[2026/01/26 19:43:01   WARN]               [BlockSetModule|P] Creating block sets: Failed to find hitbox name 'Fence_Gate_Open_Out'
[2026/01/26 19:43:01   WARN]               [BlockSetModule|P] Creating block sets: Failed to find hitbox name 'Fence_Thin'
[2026/01/26 19:43:01   WARN]               [BlockSetModule|P] Creating block sets: Failed to find hitbox name 'Fence_Thick'
[2026/01/26 19:43:01   WARN]               [BlockSetModule|P] Creating block sets: Failed to find hitbox name 'Fence_Corner'
[2026/01/26 19:43:01   WARN]               [BlockSetModule|P] Creating block sets: Failed to find hitbox name 'Fence_Corner_Thin'
[2026/01/26 19:43:01   WARN]               [BlockSetModule|P] Creating block sets: Failed to find hitbox name 'Fence_Corner_Thick'
[2026/01/26 19:43:01   WARN]               [BlockSetModule|P] Creating block sets: Failed to find block name 'Furniture_Crude_Bed'
[2026/01/26 19:43:01   WARN]               [BlockSetModule|P] Creating block sets: Failed to find block name 'Soil_Grass'
[2026/01/26 19:43:01   WARN]               [BlockSetModule|P] Creating block sets: Failed to find block name 'Soil_Dirt'
[2026/01/26 19:43:01   WARN]               [BlockSetModule|P] Creating block sets: Failed to find block name 'Soil_Dirt_Poisoned'
[2026/01/26 19:43:01   WARN]               [BlockSetModule|P] Creating block sets: Failed to find block name 'Soil_Mud'
[2026/01/26 19:43:01   WARN]               [BlockSetModule|P] Creating block sets: Failed to find block name 'Deco_Bone_Pile'
[2026/01/26 19:43:01   WARN]               [BlockSetModule|P] Creating block sets: Failed to find block name 'Deco_Bone_Skulls'
[2026/01/26 19:43:01   WARN]               [BlockSetModule|P] Creating block sets: Failed to find block name 'Soil_Gravel_Sand'
[2026/01/26 19:43:01   WARN]               [BlockSetModule|P] Creating block sets: Failed to find block name 'Soil_Dirt'
[2026/01/26 19:43:01   WARN]               [BlockSetModule|P] Creating block sets: Failed to find block name 'Soil_Clay'
[2026/01/26 19:43:01   WARN]               [BlockSetModule|P] Creating block sets: Failed to find block name 'Rock_Stone'
[2026/01/26 19:43:01   WARN]               [BlockSetModule|P] Creating block sets: Failed to find block name 'Rock_Marble'
[2026/01/26 19:43:01   WARN]               [BlockSetModule|P] Creating block sets: Failed to find block name 'Rock_Chalk'
[2026/01/26 19:43:01   WARN]                [AssetStore|Item] Failed to validate asset!
Id: Tool_Hatchet_Crude
Path: /Server/Item/Items/Tool/Hatchet/Tool_Hatchet_Crude.json
Key: Recipe
Results:
	WARNING: Bench Requirement in recipe for 'Fieldcraft' should not have a delay (TimeSeconds) set!

[2026/01/26 19:43:01   WARN]                [AssetStore|Item] Failed to validate asset!
Id: Bench_Builders
Path: /Server/Item/Items/Bench/Bench_Builders.json
Key: Recipe
Results:
	WARNING: Bench Requirement in recipe for 'Fieldcraft' should not have a delay (TimeSeconds) set!

[2026/01/26 19:43:01   WARN]                [AssetStore|Item] Failed to validate asset!
Id: Furniture_Crude_Torch
Path: /Server/Item/Items/Furniture/Crude/Unique/Furniture_Crude_Torch.json
Key: Recipe
Results:
	WARNING: Bench Requirement in recipe for 'Fieldcraft' should not have a delay (TimeSeconds) set!

[2026/01/26 19:43:01   WARN]                [AssetStore|Item] Failed to validate asset!
Id: Bench_Campfire
Path: /Server/Item/Items/Bench/Bench_Campfire.json
Key: Recipe
Results:
	WARNING: Bench Requirement in recipe for 'Fieldcraft' should not have a delay (TimeSeconds) set!

[2026/01/26 19:43:01   WARN]                [AssetStore|Item] Failed to validate asset!
Id: Tool_Pickaxe_Crude
Path: /Server/Item/Items/Tool/Pickaxe/Tool_Pickaxe_Crude.json
Key: Recipe
Results:
	WARNING: Bench Requirement in recipe for 'Fieldcraft' should not have a delay (TimeSeconds) set!

[2026/01/26 19:43:02   WARN]                [AssetStore|Item] Failed to validate asset!
Id: Furniture_Crude_Chest_Small
Path: /Server/Item/Items/Furniture/Crude/Furniture_Crude_Chest_Small.json
Key: Recipe
Results:
	WARNING: Bench Requirement in recipe for 'Fieldcraft' should not have a delay (TimeSeconds) set!

[2026/01/26 19:43:02   WARN]                [AssetStore|Item] Failed to validate asset!
Id: Furniture_Crude_Bed
Path: /Server/Item/Items/Furniture/Crude/Furniture_Crude_Bed.json
Key: Recipe
Results:
	WARNING: Bench Requirement in recipe for 'Fieldcraft' should not have a delay (TimeSeconds) set!

[2026/01/26 19:43:02   WARN]                [AssetStore|Item] Failed to validate asset!
Id: Weapon_Sword_Crude
Path: /Server/Item/Items/Weapon/Sword/Weapon_Sword_Crude.json
Key: Recipe
Results:
	WARNING: Bench Requirement in recipe for 'Fieldcraft' should not have a delay (TimeSeconds) set!

[2026/01/26 19:43:02   WARN]                [AssetStore|Item] Failed to find inherited parent asset Template_Crop_Item (BlockType) for Plant_Crop_Wheat_Item
[2026/01/26 19:43:02   WARN]                [AssetStore|Item] Failed to find inherited parent asset Template_Crop_Item (BlockType) for Plant_Crop_Corn_Item
[2026/01/26 19:43:02   WARN]                [AssetStore|Item] Failed to find inherited parent asset Template_Crop_Item (BlockType) for Plant_Crop_Lettuce_Item
[2026/01/26 19:43:02   WARN]                [AssetStore|Item] Failed to find inherited parent asset Template_Crop_Item (BlockType) for Plant_Crop_Onion_Item
[2026/01/26 19:43:02   WARN]                [AssetStore|Item] Failed to find inherited parent asset Template_Crop_Item (BlockType) for Plant_Crop_Carrot_Item
[2026/01/26 19:43:02   WARN]                [AssetStore|Item] Failed to find inherited parent asset Template_Crop_Item (BlockType) for Plant_Crop_Aubergine_Item
[2026/01/26 19:43:02   WARN]                [AssetStore|Item] Failed to find inherited parent asset Template_Crop_Item (BlockType) for Plant_Crop_Turnip_Item
[2026/01/26 19:43:02   WARN]                [AssetStore|Item] Failed to find inherited parent asset Template_Crop_Item (BlockType) for Plant_Crop_Potato_Item
[2026/01/26 19:43:02   WARN]                [AssetStore|Item] Failed to find inherited parent asset Template_Crop_Item (BlockType) for Plant_Crop_Pumpkin_Item
[2026/01/26 19:43:02   WARN]                [AssetStore|Item] Failed to find inherited parent asset Template_Crop_Item (BlockType) for Plant_Crop_Tomato_Item
[2026/01/26 19:43:02   WARN]                [AssetStore|Item] Failed to find inherited parent asset Template_Crop_Item (BlockType) for Plant_Crop_Rice_Item
[2026/01/26 19:43:02   WARN]                [AssetStore|Item] Failed to find inherited parent asset Template_Crop_Item (BlockType) for Plant_Crop_Chilli_Item
[2026/01/26 19:43:02   WARN]                [AssetStore|Item] Failed to find inherited parent asset Template_Crop_Item (BlockType) for Plant_Crop_Cauliflower_Item
[2026/01/26 19:43:02   WARN]           [AssetStore|BlockType] Unused key(s) in '*Prototype_Geyser_State_Definitions_Off': SoundEventId
[2026/01/26 19:43:02   WARN]           [AssetStore|BlockType] Unused key(s) in '*Prototype_Geyser_State_Definitions_On': SoundEventId
[2026/01/26 19:43:03   WARN]         [AssetStore|Interaction] Unused key(s) in '***Teleporter_State_Definitions_Active_Interactions_Use_Interactions_0': Page.WarpNameWordList
[2026/01/26 19:43:03   WARN]         [AssetStore|Interaction] Unused key(s) in '**Teleporter_Interactions_Use_Interactions_0': Page.WarpNameWordList
[2026/01/26 19:43:03   WARN]         [AssetStore|Interaction] Unused key(s) in '**Portal_Device_Interactions_Use_Interactions_0': Page.Config.GameplayConfig
[2026/01/26 19:43:03   WARN]         [AssetStore|Interaction] Unused key(s) in '**Template_Weapon_Crossbow_InteractionVars_Guard_Bash_Interactions_1': Effects, StatModifiers
[2026/01/26 19:43:03   WARN]         [AssetStore|Interaction] Unused key(s) in '**Weapon_Staff_Thorium_InteractionVars_Staff_Cast_Summon_Charged_Interactions_0': Costs
[2026/01/26 19:43:03   WARN]         [AssetStore|Interaction] Unused key(s) in '**Weapon_Staff_Iron_InteractionVars_Staff_Cast_Summon_Charged_Interactions_0': Costs
[2026/01/26 19:43:03   WARN]         [AssetStore|Interaction] Unused key(s) in '**Weapon_Staff_Bone_InteractionVars_Staff_Cast_Summon_Charged_Interactions_0': Costs
[2026/01/26 19:43:03   WARN]         [AssetStore|Interaction] Unused key(s) in '**Weapon_Staff_Wood_InteractionVars_Staff_Cast_Summon_Charged_Interactions_0': Costs
[2026/01/26 19:43:03   WARN]         [AssetStore|Interaction] Unused key(s) in '**Weapon_Staff_Cane_InteractionVars_Staff_Cast_Summon_Charged_Interactions_0': Costs
[2026/01/26 19:43:03   WARN]         [AssetStore|Interaction] Unused key(s) in '**Weapon_Staff_Copper_InteractionVars_Staff_Cast_Summon_Charged_Interactions_0': Costs
[2026/01/26 19:43:03   WARN]         [AssetStore|Interaction] Unused key(s) in '**Template_Weapon_Shield_InteractionVars_Guard_Bash_Interactions_1': Effects, StatModifiers
[2026/01/26 19:43:03   WARN]         [AssetStore|Interaction] Unused key(s) in '**Weapon_Staff_Onion_InteractionVars_Staff_Cast_Summon_Charged_Interactions_0': Costs
[2026/01/26 19:43:03   WARN]         [AssetStore|Interaction] Unused key(s) in '**Halloween_Broomstick_InteractionVars_Staff_Cast_Summon_Charged_Interactions_0': Costs
[2026/01/26 19:43:03   WARN]         [AssetStore|Interaction] Unused key(s) in '**Weapon_Staff_Cobalt_InteractionVars_Staff_Cast_Summon_Charged_Interactions_0': Costs
[2026/01/26 19:43:03   WARN]         [AssetStore|Interaction] Unused key(s) in '**Weapon_Staff_Doomed_InteractionVars_Staff_Cast_Summon_Charged_Interactions_0': Costs
[2026/01/26 19:43:03   WARN]         [AssetStore|Interaction] Unused key(s) in '**Weapon_Staff_Adamantite_InteractionVars_Staff_Cast_Summon_Charged_Interactions_0': Costs
[2026/01/26 19:43:03   WARN]         [AssetStore|Interaction] Unused key(s) in '**Weapon_Staff_Mithril_InteractionVars_Staff_Cast_Summon_Charged_Interactions_0': Costs
[2026/01/26 19:43:03   WARN]         [AssetStore|Interaction] Unused key(s) in '**Weapon_Staff_Bo_Bamboo_InteractionVars_Staff_Cast_Summon_Charged_Interactions_0': Costs
[2026/01/26 19:43:03   WARN]         [AssetStore|Interaction] Unused key(s) in '**Weapon_Staff_Wood_Kweebec_InteractionVars_Staff_Cast_Summon_Charged_Interactions_0': Costs
[2026/01/26 19:43:03   WARN]         [AssetStore|Interaction] Unused key(s) in '**Weapon_Staff_Wood_Rotten_InteractionVars_Staff_Cast_Summon_Charged_Interactions_0': Costs
[2026/01/26 19:43:03   WARN]         [AssetStore|Interaction] Unused key(s) in '**Template_Weapon_Shortbow_InteractionVars_Guard_Bash_Interactions_1': Effects, StatModifiers
[2026/01/26 19:43:03   WARN]         [AssetStore|Interaction] Unused key(s) in '**Weapon_Staff_Frost_InteractionVars_Staff_Cast_Summon_Charged_Interactions_0': Costs
[2026/01/26 19:43:03   WARN]         [AssetStore|Interaction] Unused key(s) in '**Weapon_Staff_Crystal_Purple_InteractionVars_Staff_Cast_Summon_Charged_Interactions_0': Costs
[2026/01/26 19:43:03   WARN]         [AssetStore|Interaction] Unused key(s) in '**Weapon_Staff_Crystal_Red_InteractionVars_Staff_Cast_Summon_Charged_Interactions_0': Costs
[2026/01/26 19:43:03   WARN]         [AssetStore|Interaction] Unused key(s) in '**Weapon_Staff_Wizard_InteractionVars_Staff_Cast_Summon_Charged_Interactions_0': Costs
[2026/01/26 19:43:03   WARN]         [AssetStore|Interaction] Unused key(s) in '**Weapon_Staff_Crystal_Fire_Trork_InteractionVars_Staff_Cast_Summon_Charged_Interactions_0': Costs
[2026/01/26 19:43:03   WARN]         [AssetStore|Interaction] Unused key(s) in '**Weapon_Staff_Bronze_InteractionVars_Staff_Cast_Summon_Charged_Interactions_0': Costs
[2026/01/26 19:43:03   WARN]         [AssetStore|Interaction] Unused key(s) in '**Weapon_Staff_Onyxium_InteractionVars_Staff_Cast_Summon_Charged_Interactions_0': Costs
[2026/01/26 19:43:03   WARN]         [AssetStore|Interaction] Unused key(s) in '**Weapon_Staff_Crystal_Flame_InteractionVars_Fireball_Impact_2_Interactions_0': EntityStatsOnHit
[2026/01/26 19:43:03   WARN]         [AssetStore|Interaction] Unused key(s) in '**Weapon_Staff_Bo_Wood_InteractionVars_Staff_Cast_Summon_Charged_Interactions_0': Costs
[2026/01/26 19:43:03   WARN]         [AssetStore|Interaction] Unused key(s) in '**Weapon_Staff_Crystal_Flame_InteractionVars_Fireball_Impact_3_Interactions_0': EntityStatsOnHit
[2026/01/26 19:43:03   WARN]         [AssetStore|Interaction] Unused key(s) in '**Weapon_Shield_Copper_InteractionVars_Guard_Bash_Interactions_0': Effects, StatModifiers
[2026/01/26 19:43:03   WARN]         [AssetStore|Interaction] Unused key(s) in '***Plant_Crop_Mushroom_Glowing_Purple_Interactions_Secondary_Interactions_0_Next': Effects
[2026/01/26 19:43:03   WARN]         [AssetStore|Interaction] Unused key(s) in '***Plant_Crop_Mushroom_Glowing_Orange_Interactions_Secondary_Interactions_0_Next': Effects
[2026/01/26 19:43:03   WARN]         [AssetStore|Interaction] Unused key(s) in '***Plant_Crop_Mushroom_Glowing_Blue_Interactions_Secondary_Interactions_0_Next': Effects
[2026/01/26 19:43:03   WARN]         [AssetStore|Interaction] Unused key(s) in '***Plant_Crop_Mushroom_Glowing_Red_Interactions_Secondary_Interactions_0_Next': Effects
[2026/01/26 19:43:03   WARN]         [AssetStore|Interaction] Unused key(s) in '***Plant_Crop_Mushroom_Glowing_Green_Interactions_Secondary_Interactions_0_Next': Effects
[2026/01/26 19:43:03   WARN]         [AssetStore|Interaction] Unused key(s) in '***Plant_Crop_Mushroom_Glowing_Violet_Interactions_Secondary_Interactions_0_Next': Effects
[2026/01/26 19:43:03   WARN]         [AssetStore|Interaction] Unused key(s) in '***Plant_Seaweed_Grass_Stack_Interactions_Secondary_Interactions_0_Next': Effects
[2026/01/26 19:43:03   WARN]         [AssetStore|Interaction] Unused key(s) in '**Projectile_Config_Ice_Ball_Interactions_ProjectileMiss_Interactions_0': Effects.WorldParticles
[2026/01/26 19:43:03   WARN]         [AssetStore|Interaction] Unused key(s) in '**Projectile_Config_Scarak_Seeker_Spitball_Interactions_ProjectileHit_Interactions_0': Entity
[2026/01/26 19:43:03   WARN]         [AssetStore|Interaction] Unused key(s) in '**Projectile_Config_Scarak_Seeker_Spitball_Interactions_ProjectileMiss_Interactions_0': Effects.WorldParticles
[2026/01/26 19:43:03   WARN]         [AssetStore|Interaction] Unused key(s) in '**Projectile_Config_Ice_Bolt_Interactions_ProjectileMiss_Interactions_0': Effects.WorldParticles
[2026/01/26 19:43:04   WARN]         [AssetStore|Environment] Asset key 'Env_Temple_of_Gaia' for file '/Server/Environments/Unique/Env_Temple_of_Gaia.json' has incorrect format! Expected: 'Env_Temple_Of_Gaia'
[2026/01/26 19:43:04   WARN]      [AssetStore|GameplayConfig] Unused key(s) in 'Default' file /Server/GameplayConfigs/Default.json: Ping
[2026/01/26 19:43:04   WARN]      [AssetStore|GameplayConfig] Unused key(s) in 'Default_Instance' file /Server/GameplayConfigs/Default_Instance.json: Death.LoseItems
[2026/01/26 19:43:04   INFO]            [AssetRegistryLoader] Took 8sec 351ms 445us 712ns to load all assets
[2026/01/26 19:43:04   INFO]                         [Hytale] Loading NPC assets phase...
[2026/01/26 19:43:04   INFO]                          [NPC|P] Starting to load NPC builders!
[2026/01/26 19:43:04   WARN]                          [NPC|P] Replacing asset 'Test_Patrol_Path' of file '/Server/NPC/Roles/_Core/Tests_Development/Test_Patrol_Path.json' with other file '/Server/NPC/Roles/_Core/Tests/Paths/Test_Patrol_Path.json'
[2026/01/26 19:43:06   INFO]                   [HytaleServer] Shutdown triggered!!!
[2026/01/26 19:43:06   INFO]                   [HytaleServer] Shutting down... 130  'null'
[2026/01/26 19:43:06   INFO]                  [PluginManager] Saving plugins config...
[2026/01/26 19:43:06   INFO]                   [HytaleServer] Saving config...
[2026/01/26 19:43:06   INFO]                   [HytaleServer] Shutdown completed!
